android/build/outputs/logs/manifest-merger-debug-report.txt
-- Merging decision tree log ---
manifest
ADDED from src\main\AndroidManifest.xml:2:1-364:12
	package
		ADDED from src\main\AndroidManifest.xml:3:5-35
		INJECTED from src\main\AndroidManifest.xml
		INJECTED from src\main\AndroidManifest.xml
	android:versionName
		ADDED from src\main\AndroidManifest.xml:5:5-30
		INJECTED from src\main\AndroidManifest.xml
		INJECTED from src\main\AndroidManifest.xml
	android:versionCode
		ADDED from src\main\AndroidManifest.xml:4:5-28
		INJECTED from src\main\AndroidManifest.xml
		INJECTED from src\main\AndroidManifest.xml
	xmlns:android
		ADDED from src\main\AndroidManifest.xml:2:11-69
uses-sdk
ADDED from src\main\AndroidManifest.xml:7:5-9:41
MERGED from [com.android.support:multidex:1.0.1] AndroidManifest.xml:18:5-42
MERGED from [AndroidY:androidSDKComponent:unspecified] AndroidManifest.xml:7:5-9:41
MERGED from [AndroidY:androidSDK:unspecified] AndroidManifest.xml:7:5-9:41
MERGED from [AndroidY:alipay_lib:unspecified] AndroidManifest.xml:7:5-9:41
MERGED from [AndroidY:eventBus:unspecified] AndroidManifest.xml:7:5-9:41
	android:targetSdkVersion
		ADDED from src\main\AndroidManifest.xml:9:9-38
		INJECTED from src\main\AndroidManifest.xml
		INJECTED from src\main\AndroidManifest.xml
	android:minSdkVersion
		ADDED from src\main\AndroidManifest.xml:8:9-34
		INJECTED from src\main\AndroidManifest.xml
		INJECTED from src\main\AndroidManifest.xml
uses-permission#android.permission.CAMERA
ADDED from src\main\AndroidManifest.xml:11:5-65
	android:name
		ADDED from src\main\AndroidManifest.xml:11:22-62
uses-feature#android.hardware.camera.autofocus
ADDED from src\main\AndroidManifest.xml:12:5-70
	android:name
		ADDED from src\main\AndroidManifest.xml:12:19-67
uses-permission#android.permission.RECORD_AUDIO
ADDED from src\main\AndroidManifest.xml:14:5-71
	android:name
		ADDED from src\main\AndroidManifest.xml:14:22-68
uses-permission#android.permission.CHANGE_NETWORK_STATE
ADDED from src\main\AndroidManifest.xml:15:5-79
	android:name
		ADDED from src\main\AndroidManifest.xml:15:22-76
uses-permission#android.permission.INTERNET
ADDED from src\main\AndroidManifest.xml:16:5-67
	android:name
		ADDED from src\main\AndroidManifest.xml:16:22-64
uses-permission#android.permission.WRITE_EXTERNAL_STORAGE
ADDED from src\main\AndroidManifest.xml:17:5-81
	android:name
		ADDED from src\main\AndroidManifest.xml:17:22-78
uses-permission#android.permission.ACCESS_WIFI_STATE
ADDED from src\main\AndroidManifest.xml:18:5-76
	android:name
		ADDED from src\main\AndroidManifest.xml:18:22-73
uses-permission#android.permission.ACCESS_NETWORK_STATE
ADDED from src\main\AndroidManifest.xml:19:5-79
	android:name
		ADDED from src\main\AndroidManifest.xml:19:22-76
uses-permission#android.permission.SYSTEM_ALERT_WINDOW
ADDED from src\main\AndroidManifest.xml:20:5-78
	android:name
		ADDED from src\main\AndroidManifest.xml:20:22-75
uses-permission#android.permission.READ_PHONE_STATE
ADDED from src\main\AndroidManifest.xml:21:5-75
	android:name
		ADDED from src\main\AndroidManifest.xml:21:22-72
uses-permission#android.permission.BROADCAST_STICKY
ADDED from src\main\AndroidManifest.xml:22:5-75
	android:name
		ADDED from src\main\AndroidManifest.xml:22:22-72
uses-permission#android.permission.WRITE_SETTINGS
ADDED from src\main\AndroidManifest.xml:23:5-73
	android:name
		ADDED from src\main\AndroidManifest.xml:23:22-70
uses-permission#android.permission.VIBRATE
ADDED from src\main\AndroidManifest.xml:24:5-66
	android:name
		ADDED from src\main\AndroidManifest.xml:24:22-63
uses-permission#android.permission.DISABLE_KEYGUARD
ADDED from src\main\AndroidManifest.xml:25:5-75
	android:name
		ADDED from src\main\AndroidManifest.xml:25:22-72
uses-permission#android.permission.ACCESS_COARSE_LOCATION
ADDED from src\main\AndroidManifest.xml:26:5-81
	android:name
		ADDED from src\main\AndroidManifest.xml:26:22-78
uses-permission#android.permission.ACCESS_FINE_LOCATION
ADDED from src\main\AndroidManifest.xml:27:5-79
	android:name
		ADDED from src\main\AndroidManifest.xml:27:22-76
uses-permission#android.permission.CALL_PHONE
ADDED from src\main\AndroidManifest.xml:28:5-69
	android:name
		ADDED from src\main\AndroidManifest.xml:28:22-66
uses-permission#android.permission.RECEIVE_BOOT_COMPLETED
ADDED from src\main\AndroidManifest.xml:29:5-81
	android:name
		ADDED from src\main\AndroidManifest.xml:29:22-78
uses-permission#android.permission.ACCESS_DOWNLOAD_MANAGER
ADDED from src\main\AndroidManifest.xml:30:5-82
	android:name
		ADDED from src\main\AndroidManifest.xml:30:22-79
uses-permission#android.permission.DOWNLOAD_WITHOUT_NOTIFICATION
ADDED from src\main\AndroidManifest.xml:31:5-88
	android:name
		ADDED from src\main\AndroidManifest.xml:31:22-85
application
ADDED from src\main\AndroidManifest.xml:33:5-362:19
MERGED from [AndroidY:androidSDKComponent:unspecified] AndroidManifest.xml:11:5-12:19
MERGED from [AndroidY:alipay_lib:unspecified] AndroidManifest.xml:11:5-18:19
	android:screenOrientation
		ADDED from src\main\AndroidManifest.xml:39:9-45
	android:label
		ADDED from src\main\AndroidManifest.xml:37:9-41
	android:allowBackup
		ADDED from src\main\AndroidManifest.xml:35:9-35
	android:icon
		ADDED from src\main\AndroidManifest.xml:36:9-47
	android:theme
		ADDED from src\main\AndroidManifest.xml:40:9-40
	android:logo
		ADDED from src\main\AndroidManifest.xml:38:9-38
	android:name
		ADDED from src\main\AndroidManifest.xml:34:9-56
meta-data#AA_DB_NAME
ADDED from src\main\AndroidManifest.xml:41:9-43:43
	android:value
		ADDED from src\main\AndroidManifest.xml:43:13-40
	android:name
		ADDED from src\main\AndroidManifest.xml:42:13-38
meta-data#AA_DB_VERSION
ADDED from src\main\AndroidManifest.xml:44:9-46:33
	android:value
		ADDED from src\main\AndroidManifest.xml:46:13-30
	android:name
		ADDED from src\main\AndroidManifest.xml:45:13-41
activity#com.insthub.ecmobile.activity.EcmobileMainActivity
ADDED from src\main\AndroidManifest.xml:48:9-52:76
	android:screenOrientation
		ADDED from src\main\AndroidManifest.xml:51:13-49
	android:launchMode
		ADDED from src\main\AndroidManifest.xml:50:13-44
	android:windowSoftInputMode
		ADDED from src\main\AndroidManifest.xml:52:13-64
	android:name
		ADDED from src\main\AndroidManifest.xml:49:13-78
activity#com.insthub.BeeFramework.activity.StartActivity
ADDED from src\main\AndroidManifest.xml:54:9-62:20
	android:screenOrientation
		ADDED from src\main\AndroidManifest.xml:56:13-49
	android:windowSoftInputMode
		ADDED from src\main\AndroidManifest.xml:57:13-64
	android:name
		ADDED from src\main\AndroidManifest.xml:55:13-75
intent-filter#android.intent.action.MAIN+android.intent.category.LAUNCHER
ADDED from src\main\AndroidManifest.xml:58:13-61:29
action#android.intent.action.MAIN
ADDED from src\main\AndroidManifest.xml:59:17-69
	android:name
		ADDED from src\main\AndroidManifest.xml:59:25-66
category#android.intent.category.LAUNCHER
ADDED from src\main\AndroidManifest.xml:60:17-77
	android:name
		ADDED from src\main\AndroidManifest.xml:60:27-74
activity#com.insthub.ecmobile.activity.A0_SigninActivity
ADDED from src\main\AndroidManifest.xml:64:9-67:52
	android:screenOrientation
		ADDED from src\main\AndroidManifest.xml:67:13-49
	android:launchMode
		ADDED from src\main\AndroidManifest.xml:66:13-44
	android:name
		ADDED from src\main\AndroidManifest.xml:65:13-75
activity#com.insthub.ecmobile.activity.A1_SignupActivity
ADDED from src\main\AndroidManifest.xml:69:9-72:71
	android:screenOrientation
		ADDED from src\main\AndroidManifest.xml:71:13-49
	android:windowSoftInputMode
		ADDED from src\main\AndroidManifest.xml:72:13-68
	android:name
		ADDED from src\main\AndroidManifest.xml:70:13-75
activity#com.insthub.ecmobile.activity.B1_ProductListActivity
ADDED from src\main\AndroidManifest.xml:74:9-77:57
	android:screenOrientation
		ADDED from src\main\AndroidManifest.xml:76:13-49
	android:windowSoftInputMode
		ADDED from src\main\AndroidManifest.xml:77:13-54
	android:name
		ADDED from src\main\AndroidManifest.xml:75:13-80
activity#com.insthub.ecmobile.activity.B2_ProductDetailActivity
ADDED from src\main\AndroidManifest.xml:80:9-83:57
	android:screenOrientation
		ADDED from src\main\AndroidManifest.xml:82:13-49
	android:windowSoftInputMode
		ADDED from src\main\AndroidManifest.xml:83:13-54
	android:name
		ADDED from src\main\AndroidManifest.xml:81:13-82
activity#com.insthub.ecmobile.activity.B3_ProductPhotoActivity
ADDED from src\main\AndroidManifest.xml:85:9-87:52
	android:screenOrientation
		ADDED from src\main\AndroidManifest.xml:87:13-49
	android:name
		ADDED from src\main\AndroidManifest.xml:86:13-81
activity#com.insthub.ecmobile.activity.B4_ProductParamActivity
ADDED from src\main\AndroidManifest.xml:89:9-91:52
	android:screenOrientation
		ADDED from src\main\AndroidManifest.xml:91:13-49
	android:name
		ADDED from src\main\AndroidManifest.xml:90:13-81
activity#com.insthub.ecmobile.activity.B5_ProductCommentActivity
ADDED from src\main\AndroidManifest.xml:93:9-95:52
	android:screenOrientation
		ADDED from src\main\AndroidManifest.xml:95:13-49
	android:name
		ADDED from src\main\AndroidManifest.xml:94:13-83
activity#com.insthub.ecmobile.activity.B6_ProductDescActivity
ADDED from src\main\AndroidManifest.xml:97:9-99:52
	android:screenOrientation
		ADDED from src\main\AndroidManifest.xml:99:13-49
	android:name
		ADDED from src\main\AndroidManifest.xml:98:13-80
activity#com.insthub.ecmobile.activity.C0_ShoppingCartActivity
ADDED from src\main\AndroidManifest.xml:101:9-103:52
	android:screenOrientation
		ADDED from src\main\AndroidManifest.xml:103:13-49
	android:name
		ADDED from src\main\AndroidManifest.xml:102:13-81
activity#com.insthub.ecmobile.activity.C1_CheckOutActivity
ADDED from src\main\AndroidManifest.xml:105:9-108:53
	android:screenOrientation
		ADDED from src\main\AndroidManifest.xml:107:13-49
	android:theme
		ADDED from src\main\AndroidManifest.xml:108:13-50
	android:name
		ADDED from src\main\AndroidManifest.xml:106:13-77
activity#com.insthub.ecmobile.activity.C2_PaymentActivity
ADDED from src\main\AndroidManifest.xml:109:9-111:52
	android:screenOrientation
		ADDED from src\main\AndroidManifest.xml:111:13-49
	android:name
		ADDED from src\main\AndroidManifest.xml:110:13-76
activity#com.insthub.ecmobile.activity.C3_DistributionActivity
ADDED from src\main\AndroidManifest.xml:113:9-115:52
	android:screenOrientation
		ADDED from src\main\AndroidManifest.xml:115:13-49
	android:name
		ADDED from src\main\AndroidManifest.xml:114:13-81
activity#com.insthub.ecmobile.activity.C4_InvoiceActivity
ADDED from src\main\AndroidManifest.xml:117:9-120:67
	android:screenOrientation
		ADDED from src\main\AndroidManifest.xml:119:13-49
	android:windowSoftInputMode
		ADDED from src\main\AndroidManifest.xml:120:13-64
	android:name
		ADDED from src\main\AndroidManifest.xml:118:13-76
activity#com.insthub.ecmobile.activity.C5_BonusActivity
ADDED from src\main\AndroidManifest.xml:122:9-124:52
	android:screenOrientation
		ADDED from src\main\AndroidManifest.xml:124:13-49
	android:name
		ADDED from src\main\AndroidManifest.xml:123:13-74
activity#com.insthub.ecmobile.activity.C6_RedEnvelopeActivity
ADDED from src\main\AndroidManifest.xml:126:9-128:52
	android:screenOrientation
		ADDED from src\main\AndroidManifest.xml:128:13-49
	android:name
		ADDED from src\main\AndroidManifest.xml:127:13-80
activity#com.insthub.ecmobile.activity.D1_CategoryActivity
ADDED from src\main\AndroidManifest.xml:130:9-133:67
	android:screenOrientation
		ADDED from src\main\AndroidManifest.xml:132:13-49
	android:windowSoftInputMode
		ADDED from src\main\AndroidManifest.xml:133:13-64
	android:name
		ADDED from src\main\AndroidManifest.xml:131:13-77
activity#com.insthub.ecmobile.activity.D2_FilterActivity
ADDED from src\main\AndroidManifest.xml:135:9-93
	android:name
		ADDED from src\main\AndroidManifest.xml:135:19-81
activity#com.insthub.ecmobile.activity.E4_HistoryActivity
ADDED from src\main\AndroidManifest.xml:137:9-139:52
	android:screenOrientation
		ADDED from src\main\AndroidManifest.xml:139:13-49
	android:name
		ADDED from src\main\AndroidManifest.xml:138:13-76
activity#com.insthub.ecmobile.activity.E5_CollectionActivity
ADDED from src\main\AndroidManifest.xml:141:9-143:52
	android:screenOrientation
		ADDED from src\main\AndroidManifest.xml:143:13-49
	android:name
		ADDED from src\main\AndroidManifest.xml:142:13-79
activity#com.insthub.ecmobile.activity.E6_ShippingStatusActivity
ADDED from src\main\AndroidManifest.xml:145:9-147:52
	android:screenOrientation
		ADDED from src\main\AndroidManifest.xml:147:13-49
	android:name
		ADDED from src\main\AndroidManifest.xml:146:13-83
activity#com.insthub.ecmobile.activity.F0_AddressListActivity
ADDED from src\main\AndroidManifest.xml:149:9-151:52
	android:screenOrientation
		ADDED from src\main\AndroidManifest.xml:151:13-49
	android:name
		ADDED from src\main\AndroidManifest.xml:150:13-80
activity#com.insthub.ecmobile.activity.F1_NewAddressActivity
ADDED from src\main\AndroidManifest.xml:153:9-156:57
	android:screenOrientation
		ADDED from src\main\AndroidManifest.xml:155:13-49
	android:windowSoftInputMode
		ADDED from src\main\AndroidManifest.xml:156:13-54
	android:name
		ADDED from src\main\AndroidManifest.xml:154:13-79
activity#com.insthub.ecmobile.activity.F2_EditAddressActivity
ADDED from src\main\AndroidManifest.xml:158:9-161:57
	android:screenOrientation
		ADDED from src\main\AndroidManifest.xml:160:13-49
	android:windowSoftInputMode
		ADDED from src\main\AndroidManifest.xml:161:13-54
	android:name
		ADDED from src\main\AndroidManifest.xml:159:13-80
activity#com.insthub.ecmobile.activity.F3_RegionPickActivity
ADDED from src\main\AndroidManifest.xml:162:9-165:45
	android:screenOrientation
		ADDED from src\main\AndroidManifest.xml:164:13-49
	android:theme
		ADDED from src\main\AndroidManifest.xml:165:13-42
	android:name
		ADDED from src\main\AndroidManifest.xml:163:13-79
activity#com.insthub.ecmobile.activity.G0_SettingActivity
ADDED from src\main\AndroidManifest.xml:167:9-169:52
	android:screenOrientation
		ADDED from src\main\AndroidManifest.xml:169:13-49
	android:name
		ADDED from src\main\AndroidManifest.xml:168:13-76
activity#com.insthub.ecmobile.activity.G1_HelpActivity
ADDED from src\main\AndroidManifest.xml:171:9-173:52
	android:screenOrientation
		ADDED from src\main\AndroidManifest.xml:173:13-49
	android:name
		ADDED from src\main\AndroidManifest.xml:172:13-73
activity#com.insthub.ecmobile.activity.G2_InfoActivity
ADDED from src\main\AndroidManifest.xml:175:9-177:52
	android:screenOrientation
		ADDED from src\main\AndroidManifest.xml:177:13-49
	android:name
		ADDED from src\main\AndroidManifest.xml:176:13-73
activity#com.insthub.ecmobile.activity.GalleryImageActivity
ADDED from src\main\AndroidManifest.xml:180:9-182:52
	android:screenOrientation
		ADDED from src\main\AndroidManifest.xml:182:13-49
	android:name
		ADDED from src\main\AndroidManifest.xml:181:13-78
activity#com.insthub.ecmobile.activity.AppOutActivity
ADDED from src\main\AndroidManifest.xml:185:9-187:52
	android:screenOrientation
		ADDED from src\main\AndroidManifest.xml:187:13-49
	android:name
		ADDED from src\main\AndroidManifest.xml:186:13-72
activity#com.insthub.ecmobile.AppExpiredAcitivty
ADDED from src\main\AndroidManifest.xml:189:9-191:52
	android:screenOrientation
		ADDED from src\main\AndroidManifest.xml:191:13-49
	android:name
		ADDED from src\main\AndroidManifest.xml:190:13-67
activity#com.insthub.ecmobile.activity.ShareActivity
ADDED from src\main\AndroidManifest.xml:193:9-201:20
	android:screenOrientation
		ADDED from src\main\AndroidManifest.xml:195:13-49
	android:theme
		ADDED from src\main\AndroidManifest.xml:196:13-42
	android:name
		ADDED from src\main\AndroidManifest.xml:194:13-71
intent-filter#android.intent.category.DEFAULT+com.sina.weibo.sdk.action.ACTION_SDK_REQ_ACTIVITY
ADDED from src\main\AndroidManifest.xml:197:13-200:29
action#com.sina.weibo.sdk.action.ACTION_SDK_REQ_ACTIVITY
ADDED from src\main\AndroidManifest.xml:198:17-92
	android:name
		ADDED from src\main\AndroidManifest.xml:198:25-89
category#android.intent.category.DEFAULT
ADDED from src\main\AndroidManifest.xml:199:17-76
	android:name
		ADDED from src\main\AndroidManifest.xml:199:27-73
activity#com.insthub.ecmobile.activity.PayWebActivity
ADDED from src\main\AndroidManifest.xml:203:9-205:52
	android:screenOrientation
		ADDED from src\main\AndroidManifest.xml:205:13-49
	android:name
		ADDED from src\main\AndroidManifest.xml:204:13-72
activity#com.insthub.ecmobile.activity.HelpWebActivity
ADDED from src\main\AndroidManifest.xml:207:9-209:52
	android:screenOrientation
		ADDED from src\main\AndroidManifest.xml:209:13-49
	android:name
		ADDED from src\main\AndroidManifest.xml:208:13-73
activity#com.insthub.ecmobile.activity.BannerWebActivity
ADDED from src\main\AndroidManifest.xml:211:9-213:52
	android:screenOrientation
		ADDED from src\main\AndroidManifest.xml:213:13-49
	android:name
		ADDED from src\main\AndroidManifest.xml:212:13-75
activity#com.insthub.ecmobile.activity.ShareWebActivity
ADDED from src\main\AndroidManifest.xml:215:9-217:52
	android:screenOrientation
		ADDED from src\main\AndroidManifest.xml:217:13-49
	android:name
		ADDED from src\main\AndroidManifest.xml:216:13-74
activity#com.insthub.ecmobile.activity.SpecificationActivity
ADDED from src\main\AndroidManifest.xml:220:9-223:45
	android:screenOrientation
		ADDED from src\main\AndroidManifest.xml:222:13-49
	android:theme
		ADDED from src\main\AndroidManifest.xml:223:13-42
	android:name
		ADDED from src\main\AndroidManifest.xml:221:13-79
activity#com.insthub.BeeFramework.activity.FullScreenPhotoActivity
ADDED from src\main\AndroidManifest.xml:225:9-227:52
	android:screenOrientation
		ADDED from src\main\AndroidManifest.xml:227:13-49
	android:name
		ADDED from src\main\AndroidManifest.xml:226:13-85
activity#com.insthub.BeeFramework.activity.WebViewActivity
ADDED from src\main\AndroidManifest.xml:230:9-232:52
	android:screenOrientation
		ADDED from src\main\AndroidManifest.xml:232:13-49
	android:name
		ADDED from src\main\AndroidManifest.xml:231:13-77
activity#com.insthub.ecmobile.activity.ShareTencentActivity
ADDED from src\main\AndroidManifest.xml:234:9-236:52
	android:screenOrientation
		ADDED from src\main\AndroidManifest.xml:236:13-49
	android:name
		ADDED from src\main\AndroidManifest.xml:235:13-78
activity#com.insthub.BeeFramework.activity.ActivityLifeCycleActivity
ADDED from src\main\AndroidManifest.xml:238:9-240:52
	android:screenOrientation
		ADDED from src\main\AndroidManifest.xml:240:13-49
	android:name
		ADDED from src\main\AndroidManifest.xml:239:13-87
activity#com.insthub.BeeFramework.activity.MemoryMessageActivity
ADDED from src\main\AndroidManifest.xml:241:9-243:52
	android:screenOrientation
		ADDED from src\main\AndroidManifest.xml:243:13-49
	android:name
		ADDED from src\main\AndroidManifest.xml:242:13-83
activity#com.insthub.BeeFramework.activity.DebugMessageListActivity
ADDED from src\main\AndroidManifest.xml:244:9-246:52
	android:screenOrientation
		ADDED from src\main\AndroidManifest.xml:246:13-49
	android:name
		ADDED from src\main\AndroidManifest.xml:245:13-86
activity#com.insthub.BeeFramework.activity.CrashLogActivity
ADDED from src\main\AndroidManifest.xml:247:9-249:52
	android:screenOrientation
		ADDED from src\main\AndroidManifest.xml:249:13-49
	android:name
		ADDED from src\main\AndroidManifest.xml:248:13-78
activity#com.insthub.BeeFramework.activity.CrashLogDetailActivity
ADDED from src\main\AndroidManifest.xml:250:9-252:52
	android:screenOrientation
		ADDED from src\main\AndroidManifest.xml:252:13-49
	android:name
		ADDED from src\main\AndroidManifest.xml:251:13-84
activity#com.insthub.BeeFramework.activity.DebugCancelDialogActivity
ADDED from src\main\AndroidManifest.xml:253:9-256:45
	android:screenOrientation
		ADDED from src\main\AndroidManifest.xml:255:13-49
	android:theme
		ADDED from src\main\AndroidManifest.xml:256:13-42
	android:name
		ADDED from src\main\AndroidManifest.xml:254:13-87
activity#com.insthub.BeeFramework.activity.DebugDetailActivity
ADDED from src\main\AndroidManifest.xml:257:9-259:52
	android:screenOrientation
		ADDED from src\main\AndroidManifest.xml:259:13-49
	android:name
		ADDED from src\main\AndroidManifest.xml:258:13-81
activity#com.insthub.BeeFramework.activity.DebugTabActivity
ADDED from src\main\AndroidManifest.xml:261:9-263:52
	android:screenOrientation
		ADDED from src\main\AndroidManifest.xml:263:13-49
	android:name
		ADDED from src\main\AndroidManifest.xml:262:13-78
activity#com.insthub.BeeFramework.activity.FloatViewSettingActivity
ADDED from src\main\AndroidManifest.xml:264:9-266:52
	android:screenOrientation
		ADDED from src\main\AndroidManifest.xml:266:13-49
	android:name
		ADDED from src\main\AndroidManifest.xml:265:13-86
activity#com.insthub.ecmobile.activity.AlixPayActivity
ADDED from src\main\AndroidManifest.xml:268:9-271:59
	android:screenOrientation
		ADDED from src\main\AndroidManifest.xml:270:13-49
	android:theme
		ADDED from src\main\AndroidManifest.xml:271:13-56
	android:name
		ADDED from src\main\AndroidManifest.xml:269:13-73
activity#com.insthub.ecmobile.activity.OtherPayWebActivity
ADDED from src\main\AndroidManifest.xml:272:9-274:52
	android:screenOrientation
		ADDED from src\main\AndroidManifest.xml:274:13-49
	android:name
		ADDED from src\main\AndroidManifest.xml:273:13-77
service#com.insthub.BeeFramework.service.MemoryService
ADDED from src\main\AndroidManifest.xml:276:9-280:19
	android:name
		ADDED from src\main\AndroidManifest.xml:276:18-79
intent-filter#com.insthub.BeeFramework.service.MemoryService
ADDED from src\main\AndroidManifest.xml:277:13-279:29
	android:priority
		ADDED from src\main\AndroidManifest.xml:277:28-51
action#com.insthub.BeeFramework.service.MemoryService
ADDED from src\main\AndroidManifest.xml:278:17-89
	android:name
		ADDED from src\main\AndroidManifest.xml:278:25-86
service#com.insthub.BeeFramework.service.NetworkStateService
ADDED from src\main\AndroidManifest.xml:282:9-286:19
	android:name
		ADDED from src\main\AndroidManifest.xml:282:18-85
intent-filter#com.BeeFramework.NetworkStateService
ADDED from src\main\AndroidManifest.xml:283:13-285:29
	android:priority
		ADDED from src\main\AndroidManifest.xml:283:28-51
action#com.BeeFramework.NetworkStateService
ADDED from src\main\AndroidManifest.xml:284:17-79
	android:name
		ADDED from src\main\AndroidManifest.xml:284:25-76
activity#com.tencent.weibo.sdk.android.component.PublishActivity
ADDED from src\main\AndroidManifest.xml:288:9-290:64
	android:windowSoftInputMode
		ADDED from src\main\AndroidManifest.xml:290:13-52
	android:name
		ADDED from src\main\AndroidManifest.xml:289:13-83
activity#com.tencent.weibo.sdk.android.component.GeneralInterfaceActivity
ADDED from src\main\AndroidManifest.xml:291:9-293:64
	android:windowSoftInputMode
		ADDED from src\main\AndroidManifest.xml:293:13-52
	android:name
		ADDED from src\main\AndroidManifest.xml:292:13-92
activity#com.tencent.weibo.sdk.android.component.ConversationActivity
ADDED from src\main\AndroidManifest.xml:294:9-296:64
	android:windowSoftInputMode
		ADDED from src\main\AndroidManifest.xml:296:13-52
	android:name
		ADDED from src\main\AndroidManifest.xml:295:13-88
activity#com.tencent.weibo.sdk.android.component.FriendActivity
ADDED from src\main\AndroidManifest.xml:297:9-299:64
	android:windowSoftInputMode
		ADDED from src\main\AndroidManifest.xml:299:13-52
	android:name
		ADDED from src\main\AndroidManifest.xml:298:13-82
activity#com.tencent.weibo.sdk.android.component.Authorize
ADDED from src\main\AndroidManifest.xml:300:9-95
	android:name
		ADDED from src\main\AndroidManifest.xml:300:19-83
activity#com.tencent.weibo.sdk.android.component.GeneralDataShowActivity
ADDED from src\main\AndroidManifest.xml:301:9-109
	android:name
		ADDED from src\main\AndroidManifest.xml:301:19-97
activity#com.tencent.weibo.sdk.android.component.ReAddActivity
ADDED from src\main\AndroidManifest.xml:302:9-99
	android:name
		ADDED from src\main\AndroidManifest.xml:302:19-87
activity#com.alipay.android.app.sdk.WapPayActivity
ADDED from src\main\AndroidManifest.xml:303:9-305:61
MERGED from [AndroidY:alipay_lib:unspecified] AndroidManifest.xml:14:9-17:20
	android:screenOrientation
		ADDED from src\main\AndroidManifest.xml:305:13-49
	android:name
		ADDED from src\main\AndroidManifest.xml:304:13-69
activity#com.unionpay.uppay.PayActivity
ADDED from src\main\AndroidManifest.xml:306:9-312:59
	android:screenOrientation
		ADDED from src\main\AndroidManifest.xml:311:13-49
	android:label
		ADDED from src\main\AndroidManifest.xml:310:13-45
	android:excludeFromRecents
		ADDED from src\main\AndroidManifest.xml:309:13-46
	android:configChanges
		ADDED from src\main\AndroidManifest.xml:308:13-63
	android:theme
		ADDED from src\main\AndroidManifest.xml:312:13-47
	android:name
		ADDED from src\main\AndroidManifest.xml:307:13-58
activity#com.unionpay.uppay.PayActivityEx
ADDED from src\main\AndroidManifest.xml:313:9-320:67
	android:screenOrientation
		ADDED from src\main\AndroidManifest.xml:318:13-49
	android:label
		ADDED from src\main\AndroidManifest.xml:317:13-45
	android:excludeFromRecents
		ADDED from src\main\AndroidManifest.xml:316:13-46
	android:windowSoftInputMode
		ADDED from src\main\AndroidManifest.xml:320:13-55
	android:configChanges
		ADDED from src\main\AndroidManifest.xml:315:13-63
	android:theme
		ADDED from src\main\AndroidManifest.xml:319:13-47
	android:name
		ADDED from src\main\AndroidManifest.xml:314:13-60
receiver#com.insthub.BeeFramework.service.PushMessageReceiver
ADDED from src\main\AndroidManifest.xml:322:9-330:20
	android:name
		ADDED from src\main\AndroidManifest.xml:322:19-86
intent-filter#com.baidu.android.pushservice.action.MESSAGE+com.baidu.android.pushservice.action.RECEIVE+com.baidu.android.pushservice.action.notification.CLICK
ADDED from src\main\AndroidManifest.xml:323:13-329:29
action#com.baidu.android.pushservice.action.MESSAGE
ADDED from src\main\AndroidManifest.xml:325:17-87
	android:name
		ADDED from src\main\AndroidManifest.xml:325:25-84
action#com.baidu.android.pushservice.action.RECEIVE
ADDED from src\main\AndroidManifest.xml:327:17-87
	android:name
		ADDED from src\main\AndroidManifest.xml:327:25-84
action#com.baidu.android.pushservice.action.notification.CLICK
ADDED from src\main\AndroidManifest.xml:328:17-98
	android:name
		ADDED from src\main\AndroidManifest.xml:328:25-95
receiver#com.baidu.android.pushservice.PushServiceReceiver
ADDED from src\main\AndroidManifest.xml:333:9-342:20
	android:process
		ADDED from src\main\AndroidManifest.xml:335:13-44
	android:name
		ADDED from src\main\AndroidManifest.xml:334:13-77
intent-filter#android.intent.action.BOOT_COMPLETED+android.net.conn.CONNECTIVITY_CHANGE+com.baidu.android.pushservice.action.media.CLICK+com.baidu.android.pushservice.action.notification.SHOW
ADDED from src\main\AndroidManifest.xml:336:13-341:29
action#android.intent.action.BOOT_COMPLETED
ADDED from src\main\AndroidManifest.xml:337:17-79
	android:name
		ADDED from src\main\AndroidManifest.xml:337:25-76
action#android.net.conn.CONNECTIVITY_CHANGE
ADDED from src\main\AndroidManifest.xml:338:17-79
	android:name
		ADDED from src\main\AndroidManifest.xml:338:25-76
action#com.baidu.android.pushservice.action.notification.SHOW
ADDED from src\main\AndroidManifest.xml:339:17-97
	android:name
		ADDED from src\main\AndroidManifest.xml:339:25-94
action#com.baidu.android.pushservice.action.media.CLICK
ADDED from src\main\AndroidManifest.xml:340:17-91
	android:name
		ADDED from src\main\AndroidManifest.xml:340:25-88
receiver#com.baidu.android.pushservice.RegistrationReceiver
ADDED from src\main\AndroidManifest.xml:344:9-355:20
	android:process
		ADDED from src\main\AndroidManifest.xml:346:13-44
	android:name
		ADDED from src\main\AndroidManifest.xml:345:13-78
intent-filter#com.baidu.android.pushservice.action.BIND_SYNC+com.baidu.android.pushservice.action.METHOD
ADDED from src\main\AndroidManifest.xml:347:13-350:29
action#com.baidu.android.pushservice.action.METHOD
ADDED from src\main\AndroidManifest.xml:348:17-86
	android:name
		ADDED from src\main\AndroidManifest.xml:348:25-83
action#com.baidu.android.pushservice.action.BIND_SYNC
ADDED from src\main\AndroidManifest.xml:349:17-89
	android:name
		ADDED from src\main\AndroidManifest.xml:349:25-86
intent-filter#android.intent.action.PACKAGE_REMOVED
ADDED from src\main\AndroidManifest.xml:351:13-354:29
action#android.intent.action.PACKAGE_REMOVED
ADDED from src\main\AndroidManifest.xml:352:17-80
	android:name
		ADDED from src\main\AndroidManifest.xml:352:25-77
data
ADDED from src\main\AndroidManifest.xml:353:17-50
	android:scheme
		ADDED from src\main\AndroidManifest.xml:353:23-47
service#com.baidu.android.pushservice.PushService
ADDED from src\main\AndroidManifest.xml:357:9-360:47
	android:process
		ADDED from src\main\AndroidManifest.xml:360:13-44
	android:exported
		ADDED from src\main\AndroidManifest.xml:359:13-36
	android:name
		ADDED from src\main\AndroidManifest.xml:358:13-69